
**** Build of configuration Debug for project myProject016_Stepmotor ****

"C:\\ti\\ccs1020\\ccs\\utils\\bin\\gmake" -k -j 4 all -O 
 
Building file: "../main.c"
Invoking: MSP430 Compiler
"C:/ti/ccs1020/ccs/tools/compiler/ti-cgt-msp430_20.2.4.LTS/bin/cl430" -vmspx --data_model=restricted --use_hw_mpy=F5 --include_path="C:/ti/ccs1020/ccs/ccs_base/msp430/include" --include_path="C:/Users/cruis/workspace_v10/myProject016_Stepmotor" --include_path="C:/ti/ccs1020/ccs/tools/compiler/ti-cgt-msp430_20.2.4.LTS/include" --advice:power=all --define=__MSP430F5529__ -g --printf_support=minimal --diag_warning=225 --diag_wrap=off --display_error_number --silicon_errata=CPU21 --silicon_errata=CPU22 --silicon_errata=CPU23 --silicon_errata=CPU40 --preproc_with_compile --preproc_dependency="main.d_raw"  "../main.c"
"../main.c", line 27: remark #1527-D: (ULP 2.1) Detected SW delay loop using __delay_cycles. Recommend using a timer module instead
"../main.c", line 30: remark #1527-D: (ULP 2.1) Detected SW delay loop using __delay_cycles. Recommend using a timer module instead
"../main.c", line 36: remark #1530-D: (ULP 5.1) Detected divide operation(s). Recommend moving them to RAM during run time or not using as these are processing/power intensive
"../main.c", line 49: warning #225-D: function "micros" declared implicitly
"../main.c", line 69: remark #1530-D: (ULP 5.1) Detected modulo operation(s). Recommend moving them to RAM during run time or not using as these are processing/power intensive
"../main.c", line 10: remark #1535-D: (ULP 8.1) variable "number_of_steps" is used as a constant. Recommend declaring variable as either 'static const' or 'const'
Finished building: "../main.c"
 
Building target: "myProject016_Stepmotor.out"
Invoking: MSP430 Linker
"C:/ti/ccs1020/ccs/tools/compiler/ti-cgt-msp430_20.2.4.LTS/bin/cl430" -vmspx --data_model=restricted --use_hw_mpy=F5 --advice:power=all --define=__MSP430F5529__ -g --printf_support=minimal --diag_warning=225 --diag_wrap=off --display_error_number --silicon_errata=CPU21 --silicon_errata=CPU22 --silicon_errata=CPU23 --silicon_errata=CPU40 -z -m"myProject016_Stepmotor.map" --heap_size=160 --stack_size=160 --cinit_hold_wdt=on -i"C:/ti/ccs1020/ccs/ccs_base/msp430/include" -i"C:/ti/ccs1020/ccs/ccs_base/msp430/lib/5xx_6xx_FRxx" -i"C:/ti/ccs1020/ccs/tools/compiler/ti-cgt-msp430_20.2.4.LTS/lib" -i"C:/ti/ccs1020/ccs/tools/compiler/ti-cgt-msp430_20.2.4.LTS/include" --reread_libs --diag_wrap=off --display_error_number --warn_sections --xml_link_info="myProject016_Stepmotor_linkInfo.xml" --use_hw_mpy=F5 --rom_model -o "myProject016_Stepmotor.out" "./main.obj" "../lnk_msp430f5529.cmd"  -llibmath.a -llibc.a 
<Linking>
 
remark #10371-D: (ULP 1.1) Detected no uses of low power mode state changing instructions
 undefined first referenced
remark #10372-D: (ULP 4.1) Detected uninitialized Port A in this project. Recommend initializing all unused ports to eliminate wasted current consumption on unused pins.
remark #10372-D: (ULP 4.1) Detected uninitialized Port B in this project. Recommend initializing all unused ports to eliminate wasted current consumption on unused pins.
remark #10372-D: (ULP 4.1) Detected uninitialized Port C in this project. Recommend initializing all unused ports to eliminate wasted current consumption on unused pins.
remark #10372-D: (ULP 4.1) Detected uninitialized Port D in this project. Recommend initializing all unused ports to eliminate wasted current consumption on unused pins.
 
>> Compilation failure
makefile:142: recipe for target 'myProject016_Stepmotor.out' failed
  symbol       in file     
 --------- ----------------
 micros    ./main.obj      
 
error #10234-D: unresolved symbols remain
error #10010: errors encountered during linking; "myProject016_Stepmotor.out" not built
gmake[1]: *** [myProject016_Stepmotor.out] Error 1
makefile:138: recipe for target 'all' failed
gmake: *** [all] Error 2

**** Build Finished ****
